<?xml version="1.0" encoding="UTF-8"?>
<coverage generated="1508254632158" clover="3.2.0">
  <project timestamp="1508254632158" name="All files">
    <metrics statements="13" coveredstatements="2" conditionals="33" coveredconditionals="0" methods="11" coveredmethods="1" elements="57" coveredelements="3" complexity="0" loc="13" ncloc="13" packages="3" files="4" classes="4">
      <package name="client">
        <metrics statements="4" coveredstatements="1" conditionals="0" coveredconditionals="0" methods="0" coveredmethods="0"/>
        <file name="setupTests.js" path="/Users/gabriel.acosta/js_interview_exercises/client/setupTests.js">
          <metrics statements="1" coveredstatements="1" conditionals="0" coveredconditionals="0" methods="0" coveredmethods="0"/>
          <line num="4" count="1" type="stmt"/>
        </file>
        <file name="webpack.config.js" path="/Users/gabriel.acosta/js_interview_exercises/client/webpack.config.js">
          <metrics statements="3" coveredstatements="0" conditionals="0" coveredconditionals="0" methods="0" coveredmethods="0"/>
          <line num="1" count="0" type="stmt"/>
          <line num="2" count="0" type="stmt"/>
          <line num="4" count="0" type="stmt"/>
        </file>
      </package>
      <package name="client.src">
        <metrics statements="8" coveredstatements="0" conditionals="33" coveredconditionals="0" methods="10" coveredmethods="0"/>
        <file name="index.js" path="/Users/gabriel.acosta/js_interview_exercises/client/src/index.js">
          <metrics statements="8" coveredstatements="0" conditionals="33" coveredconditionals="0" methods="10" coveredmethods="0"/>
          <line num="1" count="0" type="cond" truecount="0" falsecount="8"/>
          <line num="2" count="0" type="stmt"/>
          <line num="3" count="0" type="stmt"/>
          <line num="4" count="0" type="cond" truecount="0" falsecount="23"/>
          <line num="6" count="0" type="cond" truecount="0" falsecount="2"/>
          <line num="8" count="0" type="stmt"/>
          <line num="11" count="0" type="stmt"/>
          <line num="14" count="0" type="stmt"/>
        </file>
      </package>
      <package name="client.src.components">
        <metrics statements="1" coveredstatements="1" conditionals="0" coveredconditionals="0" methods="1" coveredmethods="1"/>
        <file name="Hello.js" path="/Users/gabriel.acosta/js_interview_exercises/client/src/components/Hello.js">
          <metrics statements="1" coveredstatements="1" conditionals="0" coveredconditionals="0" methods="1" coveredmethods="1"/>
          <line num="6" count="4" type="stmt"/>
        </file>
      </package>
    </metrics>
  </project>
</coverage>
