{"/Users/gabriel.acosta/js_interview_exercises/client/setupTests.js": {"path":"/Users/gabriel.acosta/js_interview_exercises/client/setupTests.js","statementMap":{"0":{"start":{"line":4,"column":0},"end":{"line":4,"column":44}}},"fnMap":{},"branchMap":{},"s":{"0":1},"f":{},"b":{},"_coverageSchema":"332fd63041d2c1bcb487cc26dd0d5f7d97098a6c","hash":"2ba0e6ad0b00c161f81e931ab9174dbc54e058b9"}
,"/Users/gabriel.acosta/js_interview_exercises/client/webpack.config.js": {"path":"/Users/gabriel.acosta/js_interview_exercises/client/webpack.config.js","statementMap":{"0":{"start":{"line":1,"column":24},"end":{"line":1,"column":39}},"1":{"start":{"line":2,"column":14},"end":{"line":2,"column":32}},"2":{"start":{"line":4,"column":0},"end":{"line":22,"column":56}}},"fnMap":{},"branchMap":{},"s":{"0":0,"1":0,"2":0},"f":{},"b":{}}
,"/Users/gabriel.acosta/js_interview_exercises/client/src/index.js": {"path":"/Users/gabriel.acosta/js_interview_exercises/client/src/index.js","statementMap":{"0":{"start":{"line":1,"column":32},"end":{"line":1,"column":561}},"1":{"start":{"line":1,"column":87},"end":{"line":1,"column":352}},"2":{"start":{"line":1,"column":144},"end":{"line":1,"column":152}},"3":{"start":{"line":1,"column":153},"end":{"line":1,"column":208}},"4":{"start":{"line":1,"column":208},"end":{"line":1,"column":239}},"5":{"start":{"line":1,"column":239},"end":{"line":1,"column":293}},"6":{"start":{"line":1,"column":266},"end":{"line":1,"column":293}},"7":{"start":{"line":1,"column":293},"end":{"line":1,"column":351}},"8":{"start":{"line":1,"column":353},"end":{"line":1,"column":558}},"9":{"start":{"line":1,"column":409},"end":{"line":1,"column":477}},"10":{"start":{"line":1,"column":425},"end":{"line":1,"column":477}},"11":{"start":{"line":1,"column":477},"end":{"line":1,"column":537}},"12":{"start":{"line":1,"column":494},"end":{"line":1,"column":537}},"13":{"start":{"line":1,"column":537},"end":{"line":1,"column":556}},"14":{"start":{"line":2,"column":13},"end":{"line":2,"column":29}},"15":{"start":{"line":2,"column":44},"end":{"line":2,"column":74}},"16":{"start":{"line":3,"column":16},"end":{"line":3,"column":36}},"17":{"start":{"line":3,"column":54},"end":{"line":3,"column":87}},"18":{"start":{"line":4,"column":13},"end":{"line":4,"column":45}},"19":{"start":{"line":4,"column":60},"end":{"line":4,"column":90}},"20":{"start":{"line":4,"column":129},"end":{"line":4,"column":183}},"21":{"start":{"line":4,"column":233},"end":{"line":4,"column":332}},"22":{"start":{"line":4,"column":274},"end":{"line":4,"column":331}},"23":{"start":{"line":4,"column":382},"end":{"line":4,"column":481}},"24":{"start":{"line":4,"column":394},"end":{"line":4,"column":480}},"25":{"start":{"line":4,"column":481},"end":{"line":4,"column":567}},"26":{"start":{"line":4,"column":610},"end":{"line":4,"column":773}},"27":{"start":{"line":4,"column":672},"end":{"line":4,"column":772}},"28":{"start":{"line":4,"column":773},"end":{"line":4,"column":937}},"29":{"start":{"line":4,"column":937},"end":{"line":4,"column":1055}},"30":{"start":{"line":4,"column":953},"end":{"line":4,"column":1055}},"31":{"start":{"line":6,"column":8},"end":{"line":11,"column":55}},"32":{"start":{"line":6,"column":37},"end":{"line":6,"column":72}},"33":{"start":{"line":6,"column":90},"end":{"line":6,"column":119}},"34":{"start":{"line":6,"column":119},"end":{"line":6,"column":233}},"35":{"start":{"line":6,"column":234},"end":{"line":11,"column":14}},"36":{"start":{"line":8,"column":12},"end":{"line":9,"column":70}},"37":{"start":{"line":11,"column":14},"end":{"line":11,"column":27}},"38":{"start":{"line":14,"column":0},"end":{"line":14,"column":102}}},"fnMap":{"0":{"name":"(anonymous_0)","decl":{"start":{"line":1,"column":32},"end":{"line":1,"column":33}},"loc":{"start":{"line":1,"column":44},"end":{"line":1,"column":559}},"line":1},"1":{"name":"defineProperties","decl":{"start":{"line":1,"column":54},"end":{"line":1,"column":70}},"loc":{"start":{"line":1,"column":86},"end":{"line":1,"column":353}},"line":1},"2":{"name":"(anonymous_2)","decl":{"start":{"line":1,"column":360},"end":{"line":1,"column":361}},"loc":{"start":{"line":1,"column":408},"end":{"line":1,"column":557}},"line":1},"3":{"name":"_interopRequireDefault","decl":{"start":{"line":4,"column":100},"end":{"line":4,"column":122}},"loc":{"start":{"line":4,"column":128},"end":{"line":4,"column":184}},"line":4},"4":{"name":"_classCallCheck","decl":{"start":{"line":4,"column":193},"end":{"line":4,"column":208}},"loc":{"start":{"line":4,"column":232},"end":{"line":4,"column":333}},"line":4},"5":{"name":"_possibleConstructorReturn","decl":{"start":{"line":4,"column":342},"end":{"line":4,"column":368}},"loc":{"start":{"line":4,"column":381},"end":{"line":4,"column":568}},"line":4},"6":{"name":"_inherits","decl":{"start":{"line":4,"column":577},"end":{"line":4,"column":586}},"loc":{"start":{"line":4,"column":609},"end":{"line":4,"column":1056}},"line":4},"7":{"name":"(anonymous_7)","decl":{"start":{"line":6,"column":8},"end":{"line":6,"column":9}},"loc":{"start":{"line":6,"column":36},"end":{"line":11,"column":28}},"line":6},"8":{"name":"Index","decl":{"start":{"line":6,"column":81},"end":{"line":6,"column":86}},"loc":{"start":{"line":6,"column":89},"end":{"line":6,"column":234}},"line":6},"9":{"name":"render","decl":{"start":{"line":6,"column":288},"end":{"line":6,"column":294}},"loc":{"start":{"line":7,"column":8},"end":{"line":11,"column":9}},"line":7}},"branchMap":{"0":{"loc":{"start":{"line":1,"column":177},"end":{"line":1,"column":207}},"type":"binary-expr","locations":[{"start":{"line":1,"column":177},"end":{"line":1,"column":198}},{"start":{"line":1,"column":202},"end":{"line":1,"column":207}}],"line":1},"1":{"loc":{"start":{"line":1,"column":239},"end":{"line":1,"column":293}},"type":"if","locations":[{"start":{"line":1,"column":239},"end":{"line":1,"column":293}},{"start":{"line":1,"column":239},"end":{"line":1,"column":293}}],"line":1},"2":{"loc":{"start":{"line":1,"column":409},"end":{"line":1,"column":477}},"type":"if","locations":[{"start":{"line":1,"column":409},"end":{"line":1,"column":477}},{"start":{"line":1,"column":409},"end":{"line":1,"column":477}}],"line":1},"3":{"loc":{"start":{"line":1,"column":477},"end":{"line":1,"column":537}},"type":"if","locations":[{"start":{"line":1,"column":477},"end":{"line":1,"column":537}},{"start":{"line":1,"column":477},"end":{"line":1,"column":537}}],"line":1},"4":{"loc":{"start":{"line":4,"column":136},"end":{"line":4,"column":182}},"type":"cond-expr","locations":[{"start":{"line":4,"column":160},"end":{"line":4,"column":163}},{"start":{"line":4,"column":166},"end":{"line":4,"column":182}}],"line":4},"5":{"loc":{"start":{"line":4,"column":136},"end":{"line":4,"column":157}},"type":"binary-expr","locations":[{"start":{"line":4,"column":136},"end":{"line":4,"column":139}},{"start":{"line":4,"column":143},"end":{"line":4,"column":157}}],"line":4},"6":{"loc":{"start":{"line":4,"column":233},"end":{"line":4,"column":332}},"type":"if","locations":[{"start":{"line":4,"column":233},"end":{"line":4,"column":332}},{"start":{"line":4,"column":233},"end":{"line":4,"column":332}}],"line":4},"7":{"loc":{"start":{"line":4,"column":382},"end":{"line":4,"column":481}},"type":"if","locations":[{"start":{"line":4,"column":382},"end":{"line":4,"column":481}},{"start":{"line":4,"column":382},"end":{"line":4,"column":481}}],"line":4},"8":{"loc":{"start":{"line":4,"column":488},"end":{"line":4,"column":566}},"type":"cond-expr","locations":[{"start":{"line":4,"column":555},"end":{"line":4,"column":559}},{"start":{"line":4,"column":562},"end":{"line":4,"column":566}}],"line":4},"9":{"loc":{"start":{"line":4,"column":488},"end":{"line":4,"column":552}},"type":"binary-expr","locations":[{"start":{"line":4,"column":488},"end":{"line":4,"column":492}},{"start":{"line":4,"column":497},"end":{"line":4,"column":521}},{"start":{"line":4,"column":525},"end":{"line":4,"column":551}}],"line":4},"10":{"loc":{"start":{"line":4,"column":610},"end":{"line":4,"column":773}},"type":"if","locations":[{"start":{"line":4,"column":610},"end":{"line":4,"column":773}},{"start":{"line":4,"column":610},"end":{"line":4,"column":773}}],"line":4},"11":{"loc":{"start":{"line":4,"column":614},"end":{"line":4,"column":669}},"type":"binary-expr","locations":[{"start":{"line":4,"column":614},"end":{"line":4,"column":646}},{"start":{"line":4,"column":650},"end":{"line":4,"column":669}}],"line":4},"12":{"loc":{"start":{"line":4,"column":808},"end":{"line":4,"column":842}},"type":"binary-expr","locations":[{"start":{"line":4,"column":808},"end":{"line":4,"column":818}},{"start":{"line":4,"column":822},"end":{"line":4,"column":842}}],"line":4},"13":{"loc":{"start":{"line":4,"column":937},"end":{"line":4,"column":1055}},"type":"if","locations":[{"start":{"line":4,"column":937},"end":{"line":4,"column":1055}},{"start":{"line":4,"column":937},"end":{"line":4,"column":1055}}],"line":4},"14":{"loc":{"start":{"line":4,"column":953},"end":{"line":4,"column":1054}},"type":"cond-expr","locations":[{"start":{"line":4,"column":977},"end":{"line":4,"column":1020}},{"start":{"line":4,"column":1023},"end":{"line":4,"column":1054}}],"line":4},"15":{"loc":{"start":{"line":6,"column":160},"end":{"line":6,"column":207}},"type":"binary-expr","locations":[{"start":{"line":6,"column":160},"end":{"line":6,"column":175}},{"start":{"line":6,"column":179},"end":{"line":6,"column":207}}],"line":6}},"s":{"0":0,"1":0,"2":0,"3":0,"4":0,"5":0,"6":0,"7":0,"8":0,"9":0,"10":0,"11":0,"12":0,"13":0,"14":0,"15":0,"16":0,"17":0,"18":0,"19":0,"20":0,"21":0,"22":0,"23":0,"24":0,"25":0,"26":0,"27":0,"28":0,"29":0,"30":0,"31":0,"32":0,"33":0,"34":0,"35":0,"36":0,"37":0,"38":0},"f":{"0":0,"1":0,"2":0,"3":0,"4":0,"5":0,"6":0,"7":0,"8":0,"9":0},"b":{"0":[0,0],"1":[0,0],"2":[0,0],"3":[0,0],"4":[0,0],"5":[0,0],"6":[0,0],"7":[0,0],"8":[0,0],"9":[0,0,0],"10":[0,0],"11":[0,0],"12":[0,0],"13":[0,0],"14":[0,0],"15":[0,0]}}
,"/Users/gabriel.acosta/js_interview_exercises/client/src/components/Hello.js": {"path":"/Users/gabriel.acosta/js_interview_exercises/client/src/components/Hello.js","statementMap":{"0":{"start":{"line":6,"column":8},"end":{"line":10,"column":9}}},"fnMap":{"0":{"name":"(anonymous_0)","decl":{"start":{"line":5,"column":4},"end":{"line":5,"column":5}},"loc":{"start":{"line":5,"column":13},"end":{"line":11,"column":5}},"line":5}},"branchMap":{},"s":{"0":4},"f":{"0":4},"b":{},"_coverageSchema":"332fd63041d2c1bcb487cc26dd0d5f7d97098a6c","hash":"5020f9c8dcefecca21a4032d6391a7026db9985c"}
}
